# JRE version: Java(TM) SE Runtime Environment (8.0_181-b13) (build 1.8.0_181-b13)
# Java VM: Java HotSpot(TM) 64-Bit Server VM (25.181-b13 mixed mode windows-amd64 compressed oops)
Heap:
 PSYoungGen      total 76288K, used 12309K [0x00000000f5580000, 0x00000000faa80000, 0x0000000100000000)
  eden space 65536K, 4% used [0x00000000f5580000,0x00000000f5836958,0x00000000f9580000)
  from space 10752K, 88% used [0x00000000fa000000,0x00000000fa94ebb0,0x00000000faa80000)
  to   space 10752K, 0% used [0x00000000f9580000,0x00000000f9580000,0x00000000fa000000)
 ParOldGen       total 175104K, used 16K [0x00000000e0000000, 0x00000000eab00000, 0x00000000f5580000)
  object space 175104K, 0% used [0x00000000e0000000,0x00000000e0004020,0x00000000eab00000)
 Metaspace       used 14632K, capacity 14948K, committed 15104K, reserved 1062912K
  class space    used 2126K, capacity 2246K, committed 2304K, reserved 1048576K
GC Heap History (4 events):
Event: 3.280 GC heap before
{Heap before GC invocations=1 (full 0):
 PSYoungGen      total 76288K, used 65536K [0x00000000f5580000, 0x00000000faa80000, 0x0000000100000000)
  eden space 65536K, 100% used [0x00000000f5580000,0x00000000f9580000,0x00000000f9580000)
  from space 10752K, 0% used [0x00000000fa000000,0x00000000fa000000,0x00000000faa80000)
  to   space 10752K, 0% used [0x00000000f9580000,0x00000000f9580000,0x00000000fa000000)
 ParOldGen       total 175104K, used 0K [0x00000000e0000000, 0x00000000eab00000, 0x00000000f5580000)
  object space 175104K, 0% used [0x00000000e0000000,0x00000000e0000000,0x00000000eab00000)
 Metaspace       used 7138K, capacity 7366K, committed 7424K, reserved 1056768K
  class space    used 923K, capacity 1013K, committed 1024K, reserved 1048576K
Event: 3.294 GC heap after
Heap after GC invocations=1 (full 0):
 PSYoungGen      total 76288K, used 5995K [0x00000000f5580000, 0x00000000faa80000, 0x0000000100000000)
  eden space 65536K, 0% used [0x00000000f5580000,0x00000000f5580000,0x00000000f9580000)
  from space 10752K, 55% used [0x00000000f9580000,0x00000000f9b5af30,0x00000000fa000000)
  to   space 10752K, 0% used [0x00000000fa000000,0x00000000fa000000,0x00000000faa80000)
 ParOldGen       total 175104K, used 8K [0x00000000e0000000, 0x00000000eab00000, 0x00000000f5580000)
  object space 175104K, 0% used [0x00000000e0000000,0x00000000e0002000,0x00000000eab00000)
 Metaspace       used 7138K, capacity 7366K, committed 7424K, reserved 1056768K
  class space    used 923K, capacity 1013K, committed 1024K, reserved 1048576K
}
Event: 9.230 GC heap before
{Heap before GC invocations=2 (full 0):
 PSYoungGen      total 76288K, used 71531K [0x00000000f5580000, 0x00000000faa80000, 0x0000000100000000)
  eden space 65536K, 100% used [0x00000000f5580000,0x00000000f9580000,0x00000000f9580000)
  from space 10752K, 55% used [0x00000000f9580000,0x00000000f9b5af30,0x00000000fa000000)
  to   space 10752K, 0% used [0x00000000fa000000,0x00000000fa000000,0x00000000faa80000)
 ParOldGen       total 175104K, used 8K [0x00000000e0000000, 0x00000000eab00000, 0x00000000f5580000)
  object space 175104K, 0% used [0x00000000e0000000,0x00000000e0002020,0x00000000eab00000)
 Metaspace       used 14536K, capacity 14850K, committed 15104K, reserved 1062912K
  class space    used 2105K, capacity 2213K, committed 2304K, reserved 1048576K
Event: 9.257 GC heap after
Heap after GC invocations=2 (full 0):
 PSYoungGen      total 76288K, used 9530K [0x00000000f5580000, 0x00000000faa80000, 0x0000000100000000)
  eden space 65536K, 0% used [0x00000000f5580000,0x00000000f5580000,0x00000000f9580000)
  from space 10752K, 88% used [0x00000000fa000000,0x00000000fa94ebb0,0x00000000faa80000)
  to   space 10752K, 0% used [0x00000000f9580000,0x00000000f9580000,0x00000000fa000000)
 ParOldGen       total 175104K, used 16K [0x00000000e0000000, 0x00000000eab00000, 0x00000000f5580000)
  object space 175104K, 0% used [0x00000000e0000000,0x00000000e0004020,0x00000000eab00000)
 Metaspace       used 14536K, capacity 14850K, committed 15104K, reserved 1062912K
  class space    used 2105K, capacity 2213K, committed 2304K, reserved 1048576K
}

