# JRE version: Java(TM) SE Runtime Environment (11.0.4+10) (build 11.0.4+10-LTS)
# Java VM: Java HotSpot(TM) 64-Bit Server VM (11.0.4+10-LTS, mixed mode, tiered, compressed oops, g1 gc, windows-amd64)
Heap:
 garbage-first heap   total 262144K, used 92576K [0x00000000e0000000, 0x0000000100000000)
  region size 1024K, 49 young (50176K), 2 survivors (2048K)
 Metaspace       used 59967K, capacity 61318K, committed 61440K, reserved 307200K
  class space    used 7694K, capacity 8154K, committed 8192K, reserved 253952K
GC Heap History (10 events):
Event: 4.410 GC heap before
{Heap before GC invocations=6 (full 0):
 garbage-first heap   total 262144K, used 77169K [0x00000000e0000000, 0x0000000100000000)
  region size 1024K, 64 young (65536K), 3 survivors (3072K)
 Metaspace       used 31889K, capacity 32299K, committed 32384K, reserved 282624K
  class space    used 3998K, capacity 4191K, committed 4224K, reserved 253952K
}
Event: 4.419 GC heap after
{Heap after GC invocations=7 (full 0):
 garbage-first heap   total 262144K, used 19609K [0x00000000e0000000, 0x0000000100000000)
  region size 1024K, 7 young (7168K), 7 survivors (7168K)
 Metaspace       used 31889K, capacity 32299K, committed 32384K, reserved 282624K
  class space    used 3998K, capacity 4191K, committed 4224K, reserved 253952K
}
Event: 4.910 GC heap before
{Heap before GC invocations=7 (full 0):
 garbage-first heap   total 262144K, used 52377K [0x00000000e0000000, 0x0000000100000000)
  region size 1024K, 40 young (40960K), 7 survivors (7168K)
 Metaspace       used 35276K, capacity 35700K, committed 35840K, reserved 286720K
  class space    used 4552K, capacity 4705K, committed 4736K, reserved 253952K
}
Event: 4.918 GC heap after
{Heap after GC invocations=8 (full 0):
 garbage-first heap   total 262144K, used 20954K [0x00000000e0000000, 0x0000000100000000)
  region size 1024K, 8 young (8192K), 8 survivors (8192K)
 Metaspace       used 35276K, capacity 35700K, committed 35840K, reserved 286720K
  class space    used 4552K, capacity 4705K, committed 4736K, reserved 253952K
}
Event: 6.457 GC heap before
{Heap before GC invocations=9 (full 0):
 garbage-first heap   total 262144K, used 135642K [0x00000000e0000000, 0x0000000100000000)
  region size 1024K, 117 young (119808K), 8 survivors (8192K)
 Metaspace       used 43199K, capacity 43915K, committed 44032K, reserved 292864K
  class space    used 5637K, capacity 5877K, committed 5888K, reserved 253952K
}
Event: 6.476 GC heap after
{Heap after GC invocations=10 (full 0):
 garbage-first heap   total 262144K, used 28554K [0x00000000e0000000, 0x0000000100000000)
  region size 1024K, 15 young (15360K), 15 survivors (15360K)
 Metaspace       used 43199K, capacity 43915K, committed 44032K, reserved 292864K
  class space    used 5637K, capacity 5877K, committed 5888K, reserved 253952K
}
Event: 9.156 GC heap before
{Heap before GC invocations=10 (full 0):
 garbage-first heap   total 262144K, used 162698K [0x00000000e0000000, 0x0000000100000000)
  region size 1024K, 147 young (150528K), 15 survivors (15360K)
 Metaspace       used 56594K, capacity 57770K, committed 58112K, reserved 305152K
  class space    used 7441K, capacity 7848K, committed 7936K, reserved 253952K
}
Event: 9.192 GC heap after
{Heap after GC invocations=11 (full 0):
 garbage-first heap   total 262144K, used 44049K [0x00000000e0000000, 0x0000000100000000)
  region size 1024K, 19 young (19456K), 19 survivors (19456K)
 Metaspace       used 56594K, capacity 57770K, committed 58112K, reserved 305152K
  class space    used 7441K, capacity 7848K, committed 7936K, reserved 253952K
}
Event: 51.838 GC heap before
{Heap before GC invocations=11 (full 0):
 garbage-first heap   total 262144K, used 60433K [0x00000000e0000000, 0x0000000100000000)
  region size 1024K, 36 young (36864K), 19 survivors (19456K)
 Metaspace       used 58954K, capacity 60241K, committed 60288K, reserved 307200K
  class space    used 7681K, capacity 8149K, committed 8192K, reserved 253952K
}
Event: 51.863 GC heap after
{Heap after GC invocations=12 (full 0):
 garbage-first heap   total 262144K, used 46496K [0x00000000e0000000, 0x0000000100000000)
  region size 1024K, 2 young (2048K), 2 survivors (2048K)
 Metaspace       used 58954K, capacity 60241K, committed 60288K, reserved 307200K
  class space    used 7681K, capacity 8149K, committed 8192K, reserved 253952K
}

