<?xml version="1.0" encoding="UTF-8"?>
<testsuite name="task.RecurringTest" tests="6" skipped="0" failures="0" errors="0" timestamp="2019-09-27T13:38:18" hostname="Zhenyulee-PC" time="0.014">
  <properties/>
  <testcase name="testExceptionThrown()" classname="task.RecurringTest" time="0.002"/>
  <testcase name="testGetAfter()" classname="task.RecurringTest" time="0.001"/>
  <testcase name="testGetType()" classname="task.RecurringTest" time="0.001"/>
  <testcase name="testGetDescription()" classname="task.RecurringTest" time="0.001"/>
  <testcase name="testToList()" classname="task.RecurringTest" time="0.002"/>
  <testcase name="testGetStatusIcon()" classname="task.RecurringTest" time="0.001"/>
  <system-out><![CDATA[I threw exception
]]></system-out>
  <system-err><![CDATA[]]></system-err>
</testsuite>
