<?xml version="1.0" encoding="UTF-8"?>
<checkstyle version="8.23">
<file name="C:\Users\zhenyu\Desktop\main\src\test\java\command\AddCommandTest.java">
</file>
<file name="C:\Users\zhenyu\Desktop\main\src\test\java\command\BadCommandTest.java">
</file>
<file name="C:\Users\zhenyu\Desktop\main\src\test\java\command\ExitCommandTest.java">
</file>
<file name="C:\Users\zhenyu\Desktop\main\src\test\java\command\ModCommandTest.java">
</file>
<file name="C:\Users\zhenyu\Desktop\main\src\test\java\command\PrintCommandTest.java">
</file>
<file name="C:\Users\zhenyu\Desktop\main\src\test\java\command\SearchCommandTest.java">
</file>
<file name="C:\Users\zhenyu\Desktop\main\src\test\java\parser\ParserTest.java">
</file>
<file name="C:\Users\zhenyu\Desktop\main\src\test\java\storage\StorageTest.java">
</file>
<file name="C:\Users\zhenyu\Desktop\main\src\test\java\task\AfterTest.java">
</file>
<file name="C:\Users\zhenyu\Desktop\main\src\test\java\task\DeadlineTest.java">
</file>
<file name="C:\Users\zhenyu\Desktop\main\src\test\java\task\EventTest.java">
</file>
<file name="C:\Users\zhenyu\Desktop\main\src\test\java\task\FixedTest.java">
</file>
<file name="C:\Users\zhenyu\Desktop\main\src\test\java\task\RecurringTest.java">
</file>
<file name="C:\Users\zhenyu\Desktop\main\src\test\java\task\TaskListTest.java">
<error line="4" severity="error" message="Using the &apos;.*&apos; form of import should be avoided - org.junit.jupiter.api.*." source="com.puppycrawl.tools.checkstyle.checks.imports.AvoidStarImportCheck"/>
</file>
<file name="C:\Users\zhenyu\Desktop\main\src\test\java\task\TodoTest.java">
</file>
<file name="C:\Users\zhenyu\Desktop\main\src\test\java\task\WithinTest.java">
</file>
<file name="C:\Users\zhenyu\Desktop\main\src\test\java\ui\UITest.java">
<error line="12" severity="error" message="Abbreviation in name &apos;UITest&apos; must contain no more than &apos;2&apos; consecutive capital letters." source="com.puppycrawl.tools.checkstyle.checks.naming.AbbreviationAsWordInNameCheck"/>
</file>
</checkstyle>
